<?xml version="1.0" encoding="UTF-8"?>
<testng-results skipped="0" failed="1" ignored="0" total="3" passed="2">
  <reporter-output>
  </reporter-output>
  <suite name="Default suite" duration-ms="97350" started-at="2019-09-05T10:02:51Z" finished-at="2019-09-05T10:04:28Z">
    <groups>
    </groups>
    <test name="Default test" duration-ms="97350" started-at="2019-09-05T10:02:51Z" finished-at="2019-09-05T10:04:28Z">
      <class name="com.crm.testcases.HomePageTest">
        <test-method status="PASS" signature="SetUp()[pri:0, instance:com.crm.testcases.HomePageTest@cc285f4]" name="SetUp" is-config="true" duration-ms="25575" started-at="2019-09-05T15:32:51Z" finished-at="2019-09-05T15:33:16Z">
          <reporter-output>
          </reporter-output>
        </test-method> <!-- SetUp -->
        <test-method status="PASS" signature="verifyCalenderLinkTest()[pri:0, instance:com.crm.testcases.HomePageTest@cc285f4]" name="verifyCalenderLinkTest" duration-ms="1562" started-at="2019-09-05T15:33:16Z" finished-at="2019-09-05T15:33:18Z">
          <reporter-output>
          </reporter-output>
        </test-method> <!-- verifyCalenderLinkTest -->
        <test-method status="PASS" signature="teaDown()[pri:0, instance:com.crm.testcases.HomePageTest@cc285f4]" name="teaDown" is-config="true" duration-ms="696" started-at="2019-09-05T15:33:18Z" finished-at="2019-09-05T15:33:19Z">
          <reporter-output>
          </reporter-output>
        </test-method> <!-- teaDown -->
        <test-method status="PASS" signature="SetUp()[pri:0, instance:com.crm.testcases.HomePageTest@cc285f4]" name="SetUp" is-config="true" duration-ms="28548" started-at="2019-09-05T15:33:19Z" finished-at="2019-09-05T15:33:47Z">
          <reporter-output>
          </reporter-output>
        </test-method> <!-- SetUp -->
        <test-method status="PASS" signature="verifyContactsLinkTest()[pri:0, instance:com.crm.testcases.HomePageTest@cc285f4]" name="verifyContactsLinkTest" duration-ms="2003" started-at="2019-09-05T15:33:47Z" finished-at="2019-09-05T15:33:49Z">
          <reporter-output>
          </reporter-output>
        </test-method> <!-- verifyContactsLinkTest -->
        <test-method status="PASS" signature="teaDown()[pri:0, instance:com.crm.testcases.HomePageTest@cc285f4]" name="teaDown" is-config="true" duration-ms="658" started-at="2019-09-05T15:33:49Z" finished-at="2019-09-05T15:33:50Z">
          <reporter-output>
          </reporter-output>
        </test-method> <!-- teaDown -->
        <test-method status="PASS" signature="SetUp()[pri:0, instance:com.crm.testcases.HomePageTest@cc285f4]" name="SetUp" is-config="true" duration-ms="37229" started-at="2019-09-05T15:33:50Z" finished-at="2019-09-05T15:34:27Z">
          <reporter-output>
          </reporter-output>
        </test-method> <!-- SetUp -->
        <test-method status="FAIL" signature="verifyUsernameTitleTest()[pri:0, instance:com.crm.testcases.HomePageTest@cc285f4]" name="verifyUsernameTitleTest" duration-ms="77" started-at="2019-09-05T15:34:27Z" finished-at="2019-09-05T15:34:27Z">
          <exception class="java.lang.AssertionError">
            <message>
              <![CDATA[Username title does not machted expected [Satish] but found [  User: SAtish vasekar]]]>
            </message>
            <full-stacktrace>
              <![CDATA[java.lang.AssertionError: Username title does not machted expected [Satish] but found [  User: SAtish vasekar]
	at org.testng.Assert.fail(Assert.java:93)
	at org.testng.Assert.failNotEquals(Assert.java:512)
	at org.testng.Assert.assertEqualsImpl(Assert.java:134)
	at org.testng.Assert.assertEquals(Assert.java:115)
	at org.testng.Assert.assertEquals(Assert.java:189)
	at com.crm.testcases.HomePageTest.verifyUsernameTitleTest(HomePageTest.java:43)
	at sun.reflect.NativeMethodAccessorImpl.invoke0(Native Method)
	at sun.reflect.NativeMethodAccessorImpl.invoke(NativeMethodAccessorImpl.java:62)
	at sun.reflect.DelegatingMethodAccessorImpl.invoke(DelegatingMethodAccessorImpl.java:43)
	at java.lang.reflect.Method.invoke(Method.java:498)
	at org.testng.internal.MethodInvocationHelper.invokeMethod(MethodInvocationHelper.java:108)
	at org.testng.internal.Invoker.invokeMethod(Invoker.java:661)
	at org.testng.internal.Invoker.invokeTestMethod(Invoker.java:869)
	at org.testng.internal.Invoker.invokeTestMethods(Invoker.java:1193)
	at org.testng.internal.TestMethodWorker.invokeTestMethods(TestMethodWorker.java:126)
	at org.testng.internal.TestMethodWorker.run(TestMethodWorker.java:109)
	at org.testng.TestRunner.privateRun(TestRunner.java:744)
	at org.testng.TestRunner.run(TestRunner.java:602)
	at org.testng.SuiteRunner.runTest(SuiteRunner.java:380)
	at org.testng.SuiteRunner.runSequentially(SuiteRunner.java:375)
	at org.testng.SuiteRunner.privateRun(SuiteRunner.java:340)
	at org.testng.SuiteRunner.run(SuiteRunner.java:289)
	at org.testng.SuiteRunnerWorker.runSuite(SuiteRunnerWorker.java:52)
	at org.testng.SuiteRunnerWorker.run(SuiteRunnerWorker.java:86)
	at org.testng.TestNG.runSuitesSequentially(TestNG.java:1301)
	at org.testng.TestNG.runSuitesLocally(TestNG.java:1226)
	at org.testng.TestNG.runSuites(TestNG.java:1144)
	at org.testng.TestNG.run(TestNG.java:1115)
	at org.testng.remote.AbstractRemoteTestNG.run(AbstractRemoteTestNG.java:114)
	at org.testng.remote.RemoteTestNG.initAndRun(RemoteTestNG.java:251)
	at org.testng.remote.RemoteTestNG.main(RemoteTestNG.java:77)
]]>
            </full-stacktrace>
          </exception> <!-- java.lang.AssertionError -->
          <reporter-output>
          </reporter-output>
        </test-method> <!-- verifyUsernameTitleTest -->
        <test-method status="PASS" signature="teaDown()[pri:0, instance:com.crm.testcases.HomePageTest@cc285f4]" name="teaDown" is-config="true" duration-ms="942" started-at="2019-09-05T15:34:27Z" finished-at="2019-09-05T15:34:28Z">
          <reporter-output>
          </reporter-output>
        </test-method> <!-- teaDown -->
      </class> <!-- com.crm.testcases.HomePageTest -->
    </test> <!-- Default test -->
  </suite> <!-- Default suite -->
</testng-results>
